Build started 28.11.2015 12:29:16.
     1>Project "C:\Users\user\documents\visual studio 2015\Projects\cryptoalg\cryptoalg\cryptoalg.vcxproj" on node 2 (Build target(s)).
     1>ClCompile:
         C:\Program Files (x86)\Microsoft Visual Studio 14.0\VC\bin\CL.exe /c /ZI /nologo /W3 /WX- /sdl /Od /Oy- /D _MBCS /Gm /EHsc /RTC1 /MDd /GS /fp:precise /Zc:wchar_t /Zc:forScope /Zc:inline /Fo"Debug\\" /Fd"Debug\vc140.pdb" /Gd /TP /analyze- /errorReport:prompt main.cpp
         main.cpp
     1>c:\users\user\documents\visual studio 2015\projects\cryptoalg\cryptoalg\main.cpp(48): warning C4244: '=': conversion from 'double' to '__int64', possible loss of data
     1>c:\users\user\documents\visual studio 2015\projects\cryptoalg\cryptoalg\main.cpp(130): warning C4018: '<': signed/unsigned mismatch
     1>c:\users\user\documents\visual studio 2015\projects\cryptoalg\cryptoalg\main.cpp(148): warning C4018: '<': signed/unsigned mismatch
     1>c:\users\user\documents\visual studio 2015\projects\cryptoalg\cryptoalg\main.cpp(165): warning C4018: '<': signed/unsigned mismatch
     1>c:\users\user\documents\visual studio 2015\projects\cryptoalg\cryptoalg\main.cpp(170): warning C4018: '<': signed/unsigned mismatch
     1>c:\users\user\documents\visual studio 2015\projects\cryptoalg\cryptoalg\main.cpp(142): warning C4101: 'powqinv': unreferenced local variable
     1>c:\users\user\documents\visual studio 2015\projects\cryptoalg\cryptoalg\main.cpp(221): warning C4101: 'unused1': unreferenced local variable
     1>c:\users\user\documents\visual studio 2015\projects\cryptoalg\cryptoalg\main.cpp(295): warning C4018: '<': signed/unsigned mismatch
     1>c:\users\user\documents\visual studio 2015\projects\cryptoalg\cryptoalg\main.cpp(304): warning C4018: '<': signed/unsigned mismatch
     1>c:\users\user\documents\visual studio 2015\projects\cryptoalg\cryptoalg\main.cpp(329): warning C4244: 'argument': conversion from '__int64' to 'unsigned int', possible loss of data
     1>c:\users\user\documents\visual studio 2015\projects\cryptoalg\cryptoalg\main.cpp(384): warning C4018: '<': signed/unsigned mismatch
     1>c:\users\user\documents\visual studio 2015\projects\cryptoalg\cryptoalg\main.cpp(397): warning C4018: '<': signed/unsigned mismatch
     1>c:\users\user\documents\visual studio 2015\projects\cryptoalg\cryptoalg\main.cpp(405): warning C4018: '<': signed/unsigned mismatch
     1>c:\users\user\documents\visual studio 2015\projects\cryptoalg\cryptoalg\main.cpp(416): warning C4018: '<': signed/unsigned mismatch
     1>c:\users\user\documents\visual studio 2015\projects\cryptoalg\cryptoalg\main.cpp(428): warning C4018: '<': signed/unsigned mismatch
     1>c:\users\user\documents\visual studio 2015\projects\cryptoalg\cryptoalg\main.cpp(371): warning C4101: 'temp': unreferenced local variable
     1>c:\program files (x86)\microsoft visual studio 14.0\vc\include\utility(145): warning C4244: 'initializing': conversion from '__int64' to 'int', possible loss of data
         c:\users\user\documents\visual studio 2015\projects\cryptoalg\cryptoalg\main.cpp(34): note: see reference to function template instantiation 'std::pair<int,int>::pair<__int64&,__int64,void>(_Other1,_Other2 &&) noexcept' being compiled
                 with
                 [
                     _Other1=__int64 &,
                     _Other2=__int64
                 ]
         c:\users\user\documents\visual studio 2015\projects\cryptoalg\cryptoalg\main.cpp(34): note: see reference to function template instantiation 'std::pair<int,int>::pair<__int64&,__int64,void>(_Other1,_Other2 &&) noexcept' being compiled
                 with
                 [
                     _Other1=__int64 &,
                     _Other2=__int64
                 ]
     1>c:\users\user\documents\visual studio 2015\projects\cryptoalg\cryptoalg\utilities.cpp(31): warning C4244: 'return': conversion from '__int64' to 'int', possible loss of data
         c:\users\user\documents\visual studio 2015\projects\cryptoalg\cryptoalg\main.cpp(69): note: see reference to function template instantiation 'int compare_first<std::pair<__int64,__int64>>(T,T)' being compiled
                 with
                 [
                     T=std::pair<__int64,__int64>
                 ]
       Link:
         C:\Program Files (x86)\Microsoft Visual Studio 14.0\VC\bin\link.exe /ERRORREPORT:PROMPT /OUT:"C:\Users\user\documents\visual studio 2015\Projects\cryptoalg\Debug\cryptoalg.exe" /INCREMENTAL /NOLOGO kernel32.lib user32.lib gdi32.lib winspool.lib comdlg32.lib advapi32.lib shell32.lib ole32.lib oleaut32.lib uuid.lib odbc32.lib odbccp32.lib /MANIFEST /MANIFESTUAC:"level='asInvoker' uiAccess='false'" /manifest:embed /Debug /PDB:"C:\Users\user\documents\visual studio 2015\Projects\cryptoalg\Debug\cryptoalg.pdb" /TLBID:1 /DYNAMICBASE /NXCOMPAT /IMPLIB:"C:\Users\user\documents\visual studio 2015\Projects\cryptoalg\Debug\cryptoalg.lib" /MACHINE:X86 Debug\main.obj
         Debug\prime_tests.obj
         Debug\Rho_pollard.obj
         Debug\Source.obj
         Debug\utilities.obj
         cryptoalg.vcxproj -> C:\Users\user\documents\visual studio 2015\Projects\cryptoalg\Debug\cryptoalg.exe
     1>Done Building Project "C:\Users\user\documents\visual studio 2015\Projects\cryptoalg\cryptoalg\cryptoalg.vcxproj" (Build target(s)).

Build succeeded.

Time Elapsed 00:00:01.11
